0 info it worked if it ends with ok
1 verbose cli [ 'C:\\Program Files (x86)\\nodejs\\\\node.exe',
1 verbose cli   'C:\\Program Files (x86)\\nodejs\\node_modules\\npm\\bin\\npm-cli.js',
1 verbose cli   'install',
1 verbose cli   'angular-google-maps' ]
2 info using npm@1.4.28
3 info using node@v0.10.33
4 verbose node symlink C:\Program Files (x86)\nodejs\\node.exe
5 verbose readDependencies using package.json deps
6 verbose cache add [ 'angular-google-maps', null ]
7 verbose cache add name=undefined spec="angular-google-maps" args=["angular-google-maps",null]
8 verbose parsed url { protocol: null,
8 verbose parsed url   slashes: null,
8 verbose parsed url   auth: null,
8 verbose parsed url   host: null,
8 verbose parsed url   port: null,
8 verbose parsed url   hostname: null,
8 verbose parsed url   hash: null,
8 verbose parsed url   search: null,
8 verbose parsed url   query: null,
8 verbose parsed url   pathname: 'angular-google-maps',
8 verbose parsed url   path: 'angular-google-maps',
8 verbose parsed url   href: 'angular-google-maps' }
9 silly lockFile 804bc49b-angular-google-maps angular-google-maps
10 verbose lock angular-google-maps C:\Users\Numning\AppData\Roaming\npm-cache\804bc49b-angular-google-maps.lock
11 silly lockFile 804bc49b-angular-google-maps angular-google-maps
12 silly lockFile 804bc49b-angular-google-maps angular-google-maps
13 verbose addNamed [ 'angular-google-maps', '' ]
14 verbose addNamed [ null, '*' ]
15 silly lockFile 66bf3552-angular-google-maps angular-google-maps@
16 verbose lock angular-google-maps@ C:\Users\Numning\AppData\Roaming\npm-cache\66bf3552-angular-google-maps.lock
17 silly addNameRange { name: 'angular-google-maps', range: '*', hasData: false }
18 verbose request where is /angular-google-maps
19 verbose request registry https://registry.npmjs.org/
20 verbose request id 12425bff9ac5a9bc
21 verbose url raw /angular-google-maps
22 verbose url resolving [ 'https://registry.npmjs.org/', './angular-google-maps' ]
23 verbose url resolved https://registry.npmjs.org/angular-google-maps
24 verbose request where is https://registry.npmjs.org/angular-google-maps
25 info trying registry request attempt 1 at 17:03:05
26 http GET https://registry.npmjs.org/angular-google-maps
27 http 200 https://registry.npmjs.org/angular-google-maps
28 silly registry.get cb [ 200,
28 silly registry.get   { server: 'CouchDB/1.5.0 (Erlang OTP/R16B03)',
28 silly registry.get     etag: '"93GK1VO57XV53ABWRHPL2LW4V"',
28 silly registry.get     'content-type': 'application/json',
28 silly registry.get     'cache-control': 'max-age=300',
28 silly registry.get     'content-length': '38624',
28 silly registry.get     'accept-ranges': 'bytes',
28 silly registry.get     date: 'Sat, 09 Jan 2016 10:03:11 GMT',
28 silly registry.get     via: '1.1 varnish',
28 silly registry.get     age: '0',
28 silly registry.get     connection: 'keep-alive',
28 silly registry.get     'x-served-by': 'cache-sin6923-SIN',
28 silly registry.get     'x-cache': 'MISS',
28 silly registry.get     'x-cache-hits': '0',
28 silly registry.get     'x-timer': 'S1452333790.674671,VS0,VE404',
28 silly registry.get     vary: 'Accept' } ]
29 silly addNameRange number 2 { name: 'angular-google-maps', range: '*', hasData: true }
30 silly addNameRange versions [ 'angular-google-maps',
30 silly addNameRange   [ '2.0.12',
30 silly addNameRange     '2.0.13',
30 silly addNameRange     '2.0.14',
30 silly addNameRange     '2.0.16',
30 silly addNameRange     '2.0.17',
30 silly addNameRange     '2.0.18',
30 silly addNameRange     '2.0.19',
30 silly addNameRange     '2.0.20',
30 silly addNameRange     '2.1.0',
30 silly addNameRange     '2.1.1',
30 silly addNameRange     '2.1.3',
30 silly addNameRange     '2.1.4',
30 silly addNameRange     '2.1.5',
30 silly addNameRange     '2.1.6',
30 silly addNameRange     '2.2.0',
30 silly addNameRange     '2.2.1' ] ]
31 verbose addNamed [ 'angular-google-maps', '2.2.1' ]
32 verbose addNamed [ '2.2.1', '2.2.1' ]
33 silly lockFile 8249b49f-angular-google-maps-2-2-1 angular-google-maps@2.2.1
34 verbose lock angular-google-maps@2.2.1 C:\Users\Numning\AppData\Roaming\npm-cache\8249b49f-angular-google-maps-2-2-1.lock
35 silly lockFile 78d33e7f-ps-angular-google-maps-2-2-1-tgz https://registry.npmjs.org/angular-google-maps/-/angular-google-maps-2.2.1.tgz
36 verbose lock https://registry.npmjs.org/angular-google-maps/-/angular-google-maps-2.2.1.tgz C:\Users\Numning\AppData\Roaming\npm-cache\78d33e7f-ps-angular-google-maps-2-2-1-tgz.lock
37 verbose addRemoteTarball [ 'https://registry.npmjs.org/angular-google-maps/-/angular-google-maps-2.2.1.tgz',
37 verbose addRemoteTarball   'd37df6b768164b7d17a73a5915ca4f9bb3631fc2' ]
38 info retry fetch attempt 1 at 17:03:06
39 verbose fetch to= C:\Users\Numning\AppData\Local\Temp\npm-7068-e7T-12ky\registry.npmjs.org\angular-google-maps\-\angular-google-maps-2.2.1.tgz
40 http GET https://registry.npmjs.org/angular-google-maps/-/angular-google-maps-2.2.1.tgz
41 http 200 https://registry.npmjs.org/angular-google-maps/-/angular-google-maps-2.2.1.tgz
42 silly lockFile 78d33e7f-ps-angular-google-maps-2-2-1-tgz https://registry.npmjs.org/angular-google-maps/-/angular-google-maps-2.2.1.tgz
43 silly lockFile 78d33e7f-ps-angular-google-maps-2-2-1-tgz https://registry.npmjs.org/angular-google-maps/-/angular-google-maps-2.2.1.tgz
44 silly lockFile 8249b49f-angular-google-maps-2-2-1 angular-google-maps@2.2.1
45 silly lockFile 8249b49f-angular-google-maps-2-2-1 angular-google-maps@2.2.1
46 silly lockFile 66bf3552-angular-google-maps angular-google-maps@
47 silly lockFile 66bf3552-angular-google-maps angular-google-maps@
48 error Error: shasum check failed for C:\Users\Numning\AppData\Local\Temp\npm-7068-e7T-12ky\registry.npmjs.org\angular-google-maps\-\angular-google-maps-2.2.1.tgz
48 error Expected: d37df6b768164b7d17a73a5915ca4f9bb3631fc2
48 error Actual:   779326a0e244beab34dfe148dfcc46abc90cc5a3
48 error From:     https://registry.npmjs.org/angular-google-maps/-/angular-google-maps-2.2.1.tgz
48 error     at C:\Program Files (x86)\nodejs\node_modules\npm\node_modules\sha\index.js:38:8
48 error     at ReadStream.<anonymous> (C:\Program Files (x86)\nodejs\node_modules\npm\node_modules\sha\index.js:85:7)
48 error     at ReadStream.emit (events.js:117:20)
48 error     at _stream_readable.js:943:16
48 error     at process._tickCallback (node.js:419:13)
49 error If you need help, you may report this *entire* log,
49 error including the npm and node versions, at:
49 error     <http://github.com/npm/npm/issues>
50 error System Windows_NT 6.1.7601
51 error command "C:\\Program Files (x86)\\nodejs\\\\node.exe" "C:\\Program Files (x86)\\nodejs\\node_modules\\npm\\bin\\npm-cli.js" "install" "angular-google-maps"
52 error cwd C:\Users\Numning\Documents\GitHub\SuccessModel4
53 error node -v v0.10.33
54 error npm -v 1.4.28
55 verbose exit [ 1, true ]
